<?xml version="1.0" encoding="UTF-8"?>
<!-- Generated by org.testng.reporters.JUnitReportReporter -->
<testsuite skipped="0" hostname="MACs-Mac-mini.local" name="com.opencart.qa.Testcases.ForgotPasswordTestCase" tests="1" failures="0" timestamp="2024-12-10T15:07:29 IST" time="15.224" errors="0">
  <testcase name="VerifyBackButton" time="15.224" classname="com.opencart.qa.Testcases.ForgotPasswordTestCase"/>
  <system-out/>
</testsuite> <!-- com.opencart.qa.Testcases.ForgotPasswordTestCase -->
