<?xml version="1.0" encoding="UTF-8"?>
<!-- Generated by org.testng.reporters.JUnitReportReporter -->
<testsuite skipped="0" hostname="MACs-Mac-mini.local" name="com.opencart.qa.Testcases.SignUpTestCase" tests="4" failures="0" timestamp="2024-12-10T15:24:52 IST" time="41.863" errors="0">
  <testcase name="OpenSignUpPageTest" time="8.632" classname="com.opencart.qa.Testcases.SignUpTestCase"/>
  <system-out/>
  <testcase name="SignUpPageTitleTest" time="9.226" classname="com.opencart.qa.Testcases.SignUpTestCase"/>
  <system-out/>
  <testcase name="SignUpLogoImageTest" time="11.103" classname="com.opencart.qa.Testcases.SignUpTestCase"/>
  <system-out/>
  <testcase name="newSignUpUserTest" time="12.902" classname="com.opencart.qa.Testcases.SignUpTestCase"/>
  <system-out/>
</testsuite> <!-- com.opencart.qa.Testcases.SignUpTestCase -->
