<?xml version="1.0" encoding="UTF-8"?>
<!-- Generated by org.testng.reporters.JUnitReportReporter -->
<testsuite hostname="MACs-Mac-mini.local" failures="0" tests="2" name="com.Ecommerce.qa.TestCases.LoginPageTestCase" time="25.162" errors="0" timestamp="2024-04-11T18:04:43 IST" skipped="0">
  <testcase classname="com.Ecommerce.qa.TestCases.LoginPageTestCase" name="verifyhomePageTitle" time="6.698"/>
  <system-out/>
  <testcase classname="com.Ecommerce.qa.TestCases.LoginPageTestCase" name="forgotpassword" time="18.464"/>
  <system-out/>
</testsuite> <!-- com.Ecommerce.qa.TestCases.LoginPageTestCase -->
